#
# There is insufficient memory for the Java Runtime Environment to continue.
# Native memory allocation (malloc) failed to allocate 91226112 bytes for committing reserved memory.
# Possible reasons:
#   The system is out of physical RAM or swap space
#   In 32 bit mode, the process size limit was hit
# Possible solutions:
#   Reduce memory load on the system
#   Increase physical memory or swap space
#   Check if swap backing store is full
#   Use 64 bit Java on a 64 bit OS
#   Decrease Java heap size (-Xmx/-Xms)
#   Decrease number of Java threads
#   Decrease Java thread stack sizes (-Xss)
#   Set larger code cache with -XX:ReservedCodeCacheSize=
# This output file may be truncated or incomplete.
#
#  Out of Memory Error (os_linux.cpp:2726), pid=6956, tid=140484569921280
#
# JRE version: Java(TM) SE Runtime Environment (7.0_51-b13) (build 1.7.0_51-b13)
# Java VM: Java HotSpot(TM) 64-Bit Server VM (24.51-b03 mixed mode linux-amd64 compressed oops)
# Failed to write core dump. Core dumps have been disabled. To enable core dumping, try "ulimit -c unlimited" before starting Java again
#

---------------  T H R E A D  ---------------

Current thread (0x00007fc518065000):  VMThread [stack: 0x00007fc51cd2f000,0x00007fc51ce30000] [id=6977]

Stack: [0x00007fc51cd2f000,0x00007fc51ce30000],  sp=0x00007fc51ce2e060,  free space=1020k
Native frames: (J=compiled Java code, j=interpreted, Vv=VM code, C=native code)
V  [libjvm.so+0x992f4a]  VMError::report_and_die()+0x2ea
V  [libjvm.so+0x4931ab]  report_vm_out_of_memory(char const*, int, unsigned long, char const*)+0x9b
V  [libjvm.so+0x81338e]  os::Linux::commit_memory_impl(char*, unsigned long, bool)+0xfe
V  [libjvm.so+0x81383f]  os::Linux::commit_memory_impl(char*, unsigned long, unsigned long, bool)+0x4f
V  [libjvm.so+0x813a2c]  os::pd_commit_memory(char*, unsigned long, unsigned long, bool)+0xc
V  [libjvm.so+0x80daea]  os::commit_memory(char*, unsigned long, unsigned long, bool)+0x2a
V  [libjvm.so+0x87fcd3]  PSVirtualSpace::expand_by(unsigned long)+0x53
V  [libjvm.so+0x8810a8]  PSYoungGen::resize_generation(unsigned long, unsigned long)+0xf8
V  [libjvm.so+0x880212]  PSYoungGen::resize(unsigned long, unsigned long)+0x22
V  [libjvm.so+0x87d6ab]  PSScavenge::invoke_no_policy()+0xf3b
V  [libjvm.so+0x87de11]  PSScavenge::invoke()+0x41
V  [libjvm.so+0x834f10]  ParallelScavengeHeap::failed_mem_allocate(unsigned long)+0x70
V  [libjvm.so+0x9947e7]  VM_ParallelGCFailedAllocation::doit()+0x97
V  [libjvm.so+0x99bc15]  VM_Operation::evaluate()+0x55
V  [libjvm.so+0x99a04a]  VMThread::evaluate_operation(VM_Operation*)+0xba
V  [libjvm.so+0x99a3ce]  VMThread::loop()+0x1ce
V  [libjvm.so+0x99a840]  VMThread::run()+0x70
V  [libjvm.so+0x815538]  java_start(Thread*)+0x108

VM_Operation (0x00007fc521031ac0): ParallelGCFailedAllocation, mode: safepoint, requested by thread 0x00007fc51800a000


---------------  P R O C E S S  ---------------

Java Threads: ( => current thread )
  0x00007fc518621000 JavaThread "process reaper" daemon [_thread_blocked, id=6989, stack(0x00007fc514a44000,0x00007fc514a7d000)]
  0x00007fc518303800 JavaThread "com.google.common.base.internal.Finalizer" daemon [_thread_blocked, id=6986, stack(0x00007fc51491b000,0x00007fc514a1c000)]
  0x00007fc518092000 JavaThread "Service Thread" daemon [_thread_blocked, id=6983, stack(0x00007fc51c046000,0x00007fc51c147000)]
  0x00007fc51808f800 JavaThread "C2 CompilerThread1" daemon [_thread_blocked, id=6982, stack(0x00007fc51c147000,0x00007fc51c248000)]
  0x00007fc51808c800 JavaThread "C2 CompilerThread0" daemon [_thread_blocked, id=6981, stack(0x00007fc51c248000,0x00007fc51c349000)]
  0x00007fc518082800 JavaThread "Signal Dispatcher" daemon [_thread_blocked, id=6980, stack(0x00007fc51c349000,0x00007fc51c44a000)]
  0x00007fc51806b800 JavaThread "Finalizer" daemon [_thread_blocked, id=6979, stack(0x00007fc51cb2d000,0x00007fc51cc2e000)]
  0x00007fc518067800 JavaThread "Reference Handler" daemon [_thread_blocked, id=6978, stack(0x00007fc51cc2e000,0x00007fc51cd2f000)]
  0x00007fc51800a000 JavaThread "main" [_thread_blocked, id=6974, stack(0x00007fc520f33000,0x00007fc521034000)]

Other Threads:
=>0x00007fc518065000 VMThread [stack: 0x00007fc51cd2f000,0x00007fc51ce30000] [id=6977]
  0x00007fc51809c800 WatcherThread [stack: 0x00007fc514eff000,0x00007fc515000000] [id=6984]

VM state:at safepoint (normal execution)

VM Mutex/Monitor currently owned by a thread:  ([mutex/lock_event])
[0x00007fc518006200] Threads_lock - owner thread: 0x00007fc518065000
[0x00007fc518006700] Heap_lock - owner thread: 0x00007fc51800a000

Heap
 PSYoungGen      total 68096K, used 2560K [0x00000000eb600000, 0x00000000efb00000, 0x0000000100000000)
  eden space 65536K, 0% used [0x00000000eb600000,0x00000000eb600000,0x00000000ef600000)
  from space 2560K, 100% used [0x00000000ef600000,0x00000000ef880000,0x00000000ef880000)
  to   space 2560K, 0% used [0x00000000ef880000,0x00000000ef880000,0x00000000efb00000)
 ParOldGen       total 41984K, used 19842K [0x00000000c2200000, 0x00000000c4b00000, 0x00000000eb600000)
  object space 41984K, 47% used [0x00000000c2200000,0x00000000c3560b08,0x00000000c4b00000)
 PSPermGen       total 21504K, used 13097K [0x00000000bd000000, 0x00000000be500000, 0x00000000c2200000)
  object space 21504K, 60% used [0x00000000bd000000,0x00000000bdcca4b8,0x00000000be500000)

Card table byte_map: [0x00007fc51e02a000,0x00007fc51e243000] byte_map_base: 0x00007fc51da42000

Polling page: 0x00007fc521054000

Code Cache  [0x00007fc515000000, 0x00007fc515270000, 0x00007fc518000000)
 total_blobs=673 nmethods=410 adapters=217 free_code_cache=47832Kb largest_free_block=48948224

Compilation events (10 events):
Event: 5.352 Thread 0x00007fc51808c800  415             org.apache.maven.model.Plugin::getArtifactId (5 bytes)
Event: 5.353 Thread 0x00007fc51808c800 nmethod 415 0x00007fc515145b10 code [0x00007fc515145c40, 0x00007fc515145c98]
Event: 5.358 Thread 0x00007fc51808f800 nmethod 414 0x00007fc51514f150 code [0x00007fc51514f2e0, 0x00007fc51514f708]
Event: 5.364 Thread 0x00007fc51808c800  416             org.apache.maven.model.Plugin::getGroupId (5 bytes)
Event: 5.364 Thread 0x00007fc51808c800 nmethod 416 0x00007fc51514b390 code [0x00007fc51514b4c0, 0x00007fc51514b518]
Event: 5.368 Thread 0x00007fc51808c800  417             java.util.StringTokenizer::setMaxDelimCodePoint (156 bytes)
Event: 5.377 Thread 0x00007fc51808c800 nmethod 417 0x00007fc51514fb10 code [0x00007fc51514fca0, 0x00007fc515150088]
Event: 5.424 Thread 0x00007fc51808f800  418             java.lang.Integer::equals (29 bytes)
Event: 5.425 Thread 0x00007fc51808f800 nmethod 418 0x00007fc51514d110 code [0x00007fc51514d260, 0x00007fc51514d2f8]
Event: 5.427 Thread 0x00007fc51808f800  419             org.codehaus.plexus.util.dag.CycleDetector::dfsVisit (123 bytes)

GC Heap History (9 events):
Event: 1.056 GC heap before
{Heap before GC invocations=1 (full 0):
 PSYoungGen      total 18944K, used 16384K [0x00000000eb600000, 0x00000000ecb00000, 0x0000000100000000)
  eden space 16384K, 100% used [0x00000000eb600000,0x00000000ec600000,0x00000000ec600000)
  from space 2560K, 0% used [0x00000000ec880000,0x00000000ec880000,0x00000000ecb00000)
  to   space 2560K, 0% used [0x00000000ec600000,0x00000000ec600000,0x00000000ec880000)
 ParOldGen       total 41984K, used 0K [0x00000000c2200000, 0x00000000c4b00000, 0x00000000eb600000)
  object space 41984K, 0% used [0x00000000c2200000,0x00000000c2200000,0x00000000c4b00000)
 PSPermGen       total 21504K, used 6496K [0x00000000bd000000, 0x00000000be500000, 0x00000000c2200000)
  object space 21504K, 30% used [0x00000000bd000000,0x00000000bd658348,0x00000000be500000)
Event: 1.073 GC heap after
Heap after GC invocations=1 (full 0):
 PSYoungGen      total 18944K, used 2531K [0x00000000eb600000, 0x00000000edb00000, 0x0000000100000000)
  eden space 16384K, 0% used [0x00000000eb600000,0x00000000eb600000,0x00000000ec600000)
  from space 2560K, 98% used [0x00000000ec600000,0x00000000ec878ef0,0x00000000ec880000)
  to   space 2560K, 0% used [0x00000000ed880000,0x00000000ed880000,0x00000000edb00000)
 ParOldGen       total 41984K, used 497K [0x00000000c2200000, 0x00000000c4b00000, 0x00000000eb600000)
  object space 41984K, 1% used [0x00000000c2200000,0x00000000c227c7b0,0x00000000c4b00000)
 PSPermGen       total 21504K, used 6496K [0x00000000bd000000, 0x00000000be500000, 0x00000000c2200000)
  object space 21504K, 30% used [0x00000000bd000000,0x00000000bd658348,0x00000000be500000)
}
Event: 1.404 GC heap before
{Heap before GC invocations=2 (full 0):
 PSYoungGen      total 18944K, used 18915K [0x00000000eb600000, 0x00000000edb00000, 0x0000000100000000)
  eden space 16384K, 100% used [0x00000000eb600000,0x00000000ec600000,0x00000000ec600000)
  from space 2560K, 98% used [0x00000000ec600000,0x00000000ec878ef0,0x00000000ec880000)
  to   space 2560K, 0% used [0x00000000ed880000,0x00000000ed880000,0x00000000edb00000)
 ParOldGen       total 41984K, used 497K [0x00000000c2200000, 0x00000000c4b00000, 0x00000000eb600000)
  object space 41984K, 1% used [0x00000000c2200000,0x00000000c227c7b0,0x00000000c4b00000)
 PSPermGen       total 21504K, used 7387K [0x00000000bd000000, 0x00000000be500000, 0x00000000c2200000)
  object space 21504K, 34% used [0x00000000bd000000,0x00000000bd736f70,0x00000000be500000)
Event: 1.411 GC heap after
Heap after GC invocations=2 (full 0):
 PSYoungGen      total 35328K, used 2368K [0x00000000eb600000, 0x00000000edb00000, 0x0000000100000000)
  eden space 32768K, 0% used [0x00000000eb600000,0x00000000eb600000,0x00000000ed600000)
  from space 2560K, 92% used [0x00000000ed880000,0x00000000edad0278,0x00000000edb00000)
  to   space 2560K, 0% used [0x00000000ed600000,0x00000000ed600000,0x00000000ed880000)
 ParOldGen       total 41984K, used 497K [0x00000000c2200000, 0x00000000c4b00000, 0x00000000eb600000)
  object space 41984K, 1% used [0x00000000c2200000,0x00000000c227c7b0,0x00000000c4b00000)
 PSPermGen       total 21504K, used 7387K [0x00000000bd000000, 0x00000000be500000, 0x00000000c2200000)
  object space 21504K, 34% used [0x00000000bd000000,0x00000000bd736f70,0x00000000be500000)
}
Event: 2.277 GC heap before
{Heap before GC invocations=3 (full 0):
 PSYoungGen      total 35328K, used 35136K [0x00000000eb600000, 0x00000000edb00000, 0x0000000100000000)
  eden space 32768K, 100% used [0x00000000eb600000,0x00000000ed600000,0x00000000ed600000)
  from space 2560K, 92% used [0x00000000ed880000,0x00000000edad0278,0x00000000edb00000)
  to   space 2560K, 0% used [0x00000000ed600000,0x00000000ed600000,0x00000000ed880000)
 ParOldGen       total 41984K, used 497K [0x00000000c2200000, 0x00000000c4b00000, 0x00000000eb600000)
  object space 41984K, 1% used [0x00000000c2200000,0x00000000c227c7b0,0x00000000c4b00000)
 PSPermGen       total 21504K, used 10644K [0x00000000bd000000, 0x00000000be500000, 0x00000000c2200000)
  object space 21504K, 49% used [0x00000000bd000000,0x00000000bda65298,0x00000000be500000)
Event: 2.300 GC heap after
Heap after GC invocations=3 (full 0):
 PSYoungGen      total 35328K, used 2548K [0x00000000eb600000, 0x00000000efb00000, 0x0000000100000000)
  eden space 32768K, 0% used [0x00000000eb600000,0x00000000eb600000,0x00000000ed600000)
  from space 2560K, 99% used [0x00000000ed600000,0x00000000ed87d0a8,0x00000000ed880000)
  to   space 2560K, 0% used [0x00000000ef880000,0x00000000ef880000,0x00000000efb00000)
 ParOldGen       total 41984K, used 2748K [0x00000000c2200000, 0x00000000c4b00000, 0x00000000eb600000)
  object space 41984K, 6% used [0x00000000c2200000,0x00000000c24af080,0x00000000c4b00000)
 PSPermGen       total 21504K, used 10644K [0x00000000bd000000, 0x00000000be500000, 0x00000000c2200000)
  object space 21504K, 49% used [0x00000000bd000000,0x00000000bda65298,0x00000000be500000)
}
Event: 3.960 GC heap before
{Heap before GC invocations=4 (full 0):
 PSYoungGen      total 35328K, used 35316K [0x00000000eb600000, 0x00000000efb00000, 0x0000000100000000)
  eden space 32768K, 100% used [0x00000000eb600000,0x00000000ed600000,0x00000000ed600000)
  from space 2560K, 99% used [0x00000000ed600000,0x00000000ed87d0a8,0x00000000ed880000)
  to   space 2560K, 0% used [0x00000000ef880000,0x00000000ef880000,0x00000000efb00000)
 ParOldGen       total 41984K, used 2748K [0x00000000c2200000, 0x00000000c4b00000, 0x00000000eb600000)
  object space 41984K, 6% used [0x00000000c2200000,0x00000000c24af080,0x00000000c4b00000)
 PSPermGen       total 21504K, used 12732K [0x00000000bd000000, 0x00000000be500000, 0x00000000c2200000)
  object space 21504K, 59% used [0x00000000bd000000,0x00000000bdc6f070,0x00000000be500000)
Event: 4.035 GC heap after
Heap after GC invocations=4 (full 0):
 PSYoungGen      total 68096K, used 2528K [0x00000000eb600000, 0x00000000efb00000, 0x0000000100000000)
  eden space 65536K, 0% used [0x00000000eb600000,0x00000000eb600000,0x00000000ef600000)
  from space 2560K, 98% used [0x00000000ef880000,0x00000000efaf8020,0x00000000efb00000)
  to   space 2560K, 0% used [0x00000000ef600000,0x00000000ef600000,0x00000000ef880000)
 ParOldGen       total 41984K, used 9863K [0x00000000c2200000, 0x00000000c4b00000, 0x00000000eb600000)
  object space 41984K, 23% used [0x00000000c2200000,0x00000000c2ba1c80,0x00000000c4b00000)
 PSPermGen       total 21504K, used 12732K [0x00000000bd000000, 0x00000000be500000, 0x00000000c2200000)
  object space 21504K, 59% used [0x00000000bd000000,0x00000000bdc6f070,0x00000000be500000)
}
Event: 5.430 GC heap before
{Heap before GC invocations=5 (full 0):
 PSYoungGen      total 68096K, used 68064K [0x00000000eb600000, 0x00000000efb00000, 0x0000000100000000)
  eden space 65536K, 100% used [0x00000000eb600000,0x00000000ef600000,0x00000000ef600000)
  from space 2560K, 98% used [0x00000000ef880000,0x00000000efaf8020,0x00000000efb00000)
  to   space 2560K, 0% used [0x00000000ef600000,0x00000000ef600000,0x00000000ef880000)
 ParOldGen       total 41984K, used 9863K [0x00000000c2200000, 0x00000000c4b00000, 0x00000000eb600000)
  object space 41984K, 23% used [0x00000000c2200000,0x00000000c2ba1c80,0x00000000c4b00000)
 PSPermGen       total 21504K, used 13097K [0x00000000bd000000, 0x00000000be500000, 0x00000000c2200000)
  object space 21504K, 60% used [0x00000000bd000000,0x00000000bdcca4b8,0x00000000be500000)

Deoptimization events (10 events):
Event: 4.809 Thread 0x00007fc51800a000 Uncommon trap: reason=class_check action=maybe_recompile pc=0x00007fc5150eb2dc method=java.util.HashMap.<init>(Ljava/util/Map;)V @ 2
Event: 4.820 Thread 0x00007fc51800a000 Uncommon trap: reason=class_check action=maybe_recompile pc=0x00007fc5150eb2dc method=java.util.HashMap.<init>(Ljava/util/Map;)V @ 2
Event: 4.820 Thread 0x00007fc51800a000 Uncommon trap: reason=bimorphic action=maybe_recompile pc=0x00007fc5150e3610 method=java.util.HashMap.putAllForCreate(Ljava/util/Map;)V @ 1
Event: 4.820 Thread 0x00007fc51800a000 Uncommon trap: reason=class_check action=maybe_recompile pc=0x00007fc515114854 method=java.util.AbstractCollection.toArray()[Ljava/lang/Object; @ 1
Event: 4.866 Thread 0x00007fc51800a000 Uncommon trap: reason=class_check action=maybe_recompile pc=0x00007fc5150eb2dc method=java.util.HashMap.<init>(Ljava/util/Map;)V @ 2
Event: 4.866 Thread 0x00007fc51800a000 Uncommon trap: reason=bimorphic action=maybe_recompile pc=0x00007fc5150e3610 method=java.util.HashMap.putAllForCreate(Ljava/util/Map;)V @ 1
Event: 4.866 Thread 0x00007fc51800a000 Uncommon trap: reason=class_check action=maybe_recompile pc=0x00007fc515114854 method=java.util.AbstractCollection.toArray()[Ljava/lang/Object; @ 1
Event: 4.884 Thread 0x00007fc51800a000 Uncommon trap: reason=bimorphic action=maybe_recompile pc=0x00007fc5150e3610 method=java.util.HashMap.putAllForCreate(Ljava/util/Map;)V @ 1
Event: 4.884 Thread 0x00007fc51800a000 Uncommon trap: reason=class_check action=maybe_recompile pc=0x00007fc515114854 method=java.util.AbstractCollection.toArray()[Ljava/lang/Object; @ 1
Event: 5.390 Thread 0x00007fc51800a000 Uncommon trap: reason=intrinsic action=make_not_entrant pc=0x00007fc515111584 method=org.apache.maven.model.Dependency.getManagementKey()Ljava/lang/String; @ 0

Internal exceptions (10 events):
Event: 5.393 Thread 0x00007fc51800a000 Threw 0x00000000ef4e5068 at /HUDSON/workspace/7u-2-build-linux-amd64@2/jdk7u51/527/hotspot/src/share/vm/prims/jvm.cpp:1244
Event: 5.393 Thread 0x00007fc51800a000 Threw 0x00000000ef4e5578 at /HUDSON/workspace/7u-2-build-linux-amd64@2/jdk7u51/527/hotspot/src/share/vm/prims/jvm.cpp:1244
Event: 5.411 Thread 0x00007fc51800a000 Threw 0x00000000ef4ea278 at /HUDSON/workspace/7u-2-build-linux-amd64@2/jdk7u51/527/hotspot/src/share/vm/prims/jvm.cpp:1244
Event: 5.411 Thread 0x00007fc51800a000 Threw 0x00000000ef4ea7d8 at /HUDSON/workspace/7u-2-build-linux-amd64@2/jdk7u51/527/hotspot/src/share/vm/prims/jvm.cpp:1244
Event: 5.413 Thread 0x00007fc51800a000 Threw 0x00000000ef4f1a58 at /HUDSON/workspace/7u-2-build-linux-amd64@2/jdk7u51/527/hotspot/src/share/vm/prims/jvm.cpp:1244
Event: 5.413 Thread 0x00007fc51800a000 Threw 0x00000000ef4f1ec0 at /HUDSON/workspace/7u-2-build-linux-amd64@2/jdk7u51/527/hotspot/src/share/vm/prims/jvm.cpp:1244
Event: 5.414 Thread 0x00007fc51800a000 Threw 0x00000000ef4f8328 at /HUDSON/workspace/7u-2-build-linux-amd64@2/jdk7u51/527/hotspot/src/share/vm/prims/jvm.cpp:1244
Event: 5.414 Thread 0x00007fc51800a000 Threw 0x00000000ef4f87b8 at /HUDSON/workspace/7u-2-build-linux-amd64@2/jdk7u51/527/hotspot/src/share/vm/prims/jvm.cpp:1244
Event: 5.415 Thread 0x00007fc51800a000 Threw 0x00000000ef50b750 at /HUDSON/workspace/7u-2-build-linux-amd64@2/jdk7u51/527/hotspot/src/share/vm/prims/jvm.cpp:1244
Event: 5.415 Thread 0x00007fc51800a000 Threw 0x00000000ef50bc10 at /HUDSON/workspace/7u-2-build-linux-amd64@2/jdk7u51/527/hotspot/src/share/vm/prims/jvm.cpp:1244

Events (10 events):
Event: 5.393 loading class 0x00007fc51848c2d0 done
Event: 5.411 loading class 0x00007fc51846f710
Event: 5.411 loading class 0x00007fc51846f710 done
Event: 5.413 loading class 0x00007fc5183f0730
Event: 5.413 loading class 0x00007fc5183f0730 done
Event: 5.414 loading class 0x00007fc518476280
Event: 5.414 loading class 0x00007fc518476280 done
Event: 5.415 loading class 0x00007fc5185f10e0
Event: 5.415 loading class 0x00007fc5185f10e0 done
Event: 5.430 Executing VM operation: ParallelGCFailedAllocation


Dynamic libraries:
00400000-00401000 r-xp 00000000 08:11 803469                             /usr/lib/jvm/java-7-oracle/bin/java
00600000-00601000 rw-p 00000000 08:11 803469                             /usr/lib/jvm/java-7-oracle/bin/java
00744000-00765000 rw-p 00000000 00:00 0                                  [heap]
bd000000-be500000 rw-p 00000000 00:00 0 
be500000-c2200000 rw-p 00000000 00:00 0 
c2200000-c4b00000 rw-p 00000000 00:00 0 
c4b00000-eb600000 rw-p 00000000 00:00 0 
eb600000-efb00000 rw-p 00000000 00:00 0 
f5200000-100000000 rw-p 00000000 00:00 0 
7fc4dc000000-7fc4dc021000 rw-p 00000000 00:00 0 
7fc4dc021000-7fc4e0000000 ---p 00000000 00:00 0 
7fc4e4000000-7fc4e4021000 rw-p 00000000 00:00 0 
7fc4e4021000-7fc4e8000000 ---p 00000000 00:00 0 
7fc4e8000000-7fc4e8021000 rw-p 00000000 00:00 0 
7fc4e8021000-7fc4ec000000 ---p 00000000 00:00 0 
7fc4ec000000-7fc4ecca1000 rw-p 00000000 00:00 0 
7fc4ecca1000-7fc4f0000000 ---p 00000000 00:00 0 
7fc4f0000000-7fc4f0021000 rw-p 00000000 00:00 0 
7fc4f0021000-7fc4f4000000 ---p 00000000 00:00 0 
7fc4f4000000-7fc4f4021000 rw-p 00000000 00:00 0 
7fc4f4021000-7fc4f8000000 ---p 00000000 00:00 0 
7fc4f8000000-7fc4f88ea000 rw-p 00000000 00:00 0 
7fc4f88ea000-7fc4fc000000 ---p 00000000 00:00 0 
7fc4fc000000-7fc4fc021000 rw-p 00000000 00:00 0 
7fc4fc021000-7fc500000000 ---p 00000000 00:00 0 
7fc500000000-7fc500021000 rw-p 00000000 00:00 0 
7fc500021000-7fc504000000 ---p 00000000 00:00 0 
7fc504000000-7fc50424c000 rw-p 00000000 00:00 0 
7fc50424c000-7fc508000000 ---p 00000000 00:00 0 
7fc508000000-7fc508021000 rw-p 00000000 00:00 0 
7fc508021000-7fc50c000000 ---p 00000000 00:00 0 
7fc50de80000-7fc510000000 rw-p 00000000 00:00 0 
7fc510000000-7fc510021000 rw-p 00000000 00:00 0 
7fc510021000-7fc514000000 ---p 00000000 00:00 0 
7fc51491b000-7fc51491e000 ---p 00000000 00:00 0 
7fc51491e000-7fc514a1c000 rw-p 00000000 00:00 0 
7fc514a43000-7fc514a44000 rw-p 00000000 00:00 0 
7fc514a44000-7fc514a47000 ---p 00000000 00:00 0 
7fc514a47000-7fc514a7d000 rw-p 00000000 00:00 0 
7fc514a7d000-7fc514a7e000 r--p 00000000 00:00 0 
7fc514a7e000-7fc514a82000 r--s 0008a000 08:11 3943284                    /usr/lib/jvm/java-7-oracle/jre/lib/jsse.jar
7fc514a82000-7fc514ab3000 rw-p 00000000 00:00 0 
7fc514ab3000-7fc514ac9000 r-xp 00000000 08:11 4205855                    /usr/lib/jvm/java-7-oracle/jre/lib/amd64/libnet.so
7fc514ac9000-7fc514cc9000 ---p 00016000 08:11 4205855                    /usr/lib/jvm/java-7-oracle/jre/lib/amd64/libnet.so
7fc514cc9000-7fc514cca000 rw-p 00016000 08:11 4205855                    /usr/lib/jvm/java-7-oracle/jre/lib/amd64/libnet.so
7fc514cca000-7fc514cda000 r-xp 00000000 08:11 4205827                    /usr/lib/jvm/java-7-oracle/jre/lib/amd64/libnio.so
7fc514cda000-7fc514eda000 ---p 00010000 08:11 4205827                    /usr/lib/jvm/java-7-oracle/jre/lib/amd64/libnio.so
7fc514eda000-7fc514edb000 rw-p 00010000 08:11 4205827                    /usr/lib/jvm/java-7-oracle/jre/lib/amd64/libnio.so
7fc514edb000-7fc514ee7000 r--s 0007c000 08:11 1067030                    /usr/share/maven/lib/maven-core-3.0.4.jar
7fc514ee7000-7fc514ee9000 r--s 00006000 08:11 2365023                    /usr/share/maven-repo/org/sonatype/aether/aether-connector-wagon/1.13.1/aether-connector-wagon-1.13.1.jar
7fc514ee9000-7fc514eef000 r--s 0002c000 08:11 1201766                    /usr/share/java/sisu-inject-plexus.jar
7fc514eef000-7fc514ef1000 r--s 00009000 08:11 1067037                    /usr/share/maven/lib/maven-settings-3.0.4.jar
7fc514ef1000-7fc514ef3000 r--s 00002000 08:11 1590273                    /usr/share/maven-repo/org/sonatype/plexus/plexus-cipher/1.5/plexus-cipher-1.5.jar
7fc514ef3000-7fc514eff000 r--s 00082000 08:11 2105936                    /usr/share/maven-repo/org/sonatype/sisu/sisu-guice/3.1.0/sisu-guice-3.1.0.jar
7fc514eff000-7fc514f00000 ---p 00000000 00:00 0 
7fc514f00000-7fc515000000 rw-p 00000000 00:00 0 
7fc515000000-7fc515270000 rwxp 00000000 00:00 0 
7fc515270000-7fc518737000 rw-p 00000000 00:00 0 
7fc518737000-7fc51c000000 ---p 00000000 00:00 0 
7fc51c000000-7fc51c003000 r--s 0001d000 08:11 2105949                    /usr/share/maven-repo/org/sonatype/aether/aether-impl/1.13.1/aether-impl-1.13.1.jar
7fc51c003000-7fc51c005000 r--s 00000000 08:11 1201711                    /usr/share/java/plexus-component-annotations-1.5-1.5.5.jar
7fc51c005000-7fc51c00c000 r--s 00040000 08:11 1201758                    /usr/share/java/sisu-inject-bean.jar
7fc51c00c000-7fc51c010000 r--s 0001c000 08:11 1590313                    /usr/share/maven-repo/org/sonatype/aether/aether-util/1.13.1/aether-util-1.13.1.jar
7fc51c010000-7fc51c012000 r--s 00003000 08:11 1201295                    /usr/share/java/jsr305-0.1~+svn49.jar
7fc51c012000-7fc51c029000 r--s 000de000 08:11 1201737                    /usr/share/java/guava-r09.jar
7fc51c029000-7fc51c02b000 r--s 0000a000 08:11 1201600                    /usr/share/java/wagon-provider-api.jar
7fc51c02b000-7fc51c02d000 r--s 00005000 08:11 1067035                    /usr/share/maven/lib/maven-repository-metadata-3.0.4.jar
7fc51c02d000-7fc51c02e000 r--s 00001000 08:11 1201602                    /usr/share/java/wagon-file.jar
7fc51c02e000-7fc51c034000 r--s 0003e000 08:11 1067029                    /usr/share/maven/lib/maven-compat-3.0.4.jar
7fc51c034000-7fc51c038000 r--s 00033000 08:11 1201707                    /usr/share/java/plexus-utils2-2.0.5.jar
7fc51c038000-7fc51c03b000 r--s 00011000 08:11 1201329                    /usr/share/java/commons-codec-1.5.jar
7fc51c03b000-7fc51c041000 r--s 00045000 08:11 1201504                    /usr/share/java/commons-httpclient-3.1.jar
7fc51c041000-7fc51c044000 r--s 00013000 08:11 1979642                    /usr/share/maven-repo/org/sonatype/aether/aether-api/1.13.1/aether-api-1.13.1.jar
7fc51c044000-7fc51c046000 r--s 0000c000 08:11 1201060                    /usr/share/java/commons-logging-1.1.1.jar
7fc51c046000-7fc51c049000 ---p 00000000 00:00 0 
7fc51c049000-7fc51c147000 rw-p 00000000 00:00 0 
7fc51c147000-7fc51c14a000 ---p 00000000 00:00 0 
7fc51c14a000-7fc51c248000 rw-p 00000000 00:00 0 
7fc51c248000-7fc51c24b000 ---p 00000000 00:00 0 
7fc51c24b000-7fc51c349000 rw-p 00000000 00:00 0 
7fc51c349000-7fc51c34c000 ---p 00000000 00:00 0 
7fc51c34c000-7fc51c44a000 rw-p 00000000 00:00 0 
7fc51c44a000-7fc51cb2d000 r--p 00000000 08:11 793613                     /usr/lib/locale/locale-archive
7fc51cb2d000-7fc51cb30000 ---p 00000000 00:00 0 
7fc51cb30000-7fc51cc2e000 rw-p 00000000 00:00 0 
7fc51cc2e000-7fc51cc31000 ---p 00000000 00:00 0 
7fc51cc31000-7fc51cd2f000 rw-p 00000000 00:00 0 
7fc51cd2f000-7fc51cd30000 ---p 00000000 00:00 0 
7fc51cd30000-7fc51d7e7000 rw-p 00000000 00:00 0 
7fc51d7e7000-7fc51d9a4000 r--s 039bf000 08:11 3943280                    /usr/lib/jvm/java-7-oracle/jre/lib/rt.jar
7fc51d9a4000-7fc51dcb5000 rw-p 00000000 00:00 0 
7fc51dcb5000-7fc51dcb6000 ---p 00000000 00:00 0 
7fc51dcb6000-7fc51ddb6000 rw-p 00000000 00:00 0 
7fc51ddb6000-7fc51ddb7000 ---p 00000000 00:00 0 
7fc51ddb7000-7fc51dec2000 rw-p 00000000 00:00 0 
7fc51dec2000-7fc51dee0000 rw-p 00000000 00:00 0 
7fc51dee0000-7fc51def5000 rw-p 00000000 00:00 0 
7fc51def5000-7fc51e02a000 rw-p 00000000 00:00 0 
7fc51e02a000-7fc51e035000 rw-p 00000000 00:00 0 
7fc51e035000-7fc51e053000 rw-p 00000000 00:00 0 
7fc51e053000-7fc51e068000 rw-p 00000000 00:00 0 
7fc51e068000-7fc51e19d000 rw-p 00000000 00:00 0 
7fc51e19d000-7fc51e1c0000 rw-p 00000000 00:00 0 
7fc51e1c0000-7fc51e242000 rw-p 00000000 00:00 0 
7fc51e242000-7fc51e243000 rw-p 00000000 00:00 0 
7fc51e243000-7fc51e25d000 r-xp 00000000 08:11 4205859                    /usr/lib/jvm/java-7-oracle/jre/lib/amd64/libzip.so
7fc51e25d000-7fc51e45d000 ---p 0001a000 08:11 4205859                    /usr/lib/jvm/java-7-oracle/jre/lib/amd64/libzip.so
7fc51e45d000-7fc51e45e000 rw-p 0001a000 08:11 4205859                    /usr/lib/jvm/java-7-oracle/jre/lib/amd64/libzip.so
7fc51e45e000-7fc51e46a000 r-xp 00000000 08:11 2634959                    /lib/x86_64-linux-gnu/libnss_files-2.15.so
7fc51e46a000-7fc51e669000 ---p 0000c000 08:11 2634959                    /lib/x86_64-linux-gnu/libnss_files-2.15.so
7fc51e669000-7fc51e66a000 r--p 0000b000 08:11 2634959                    /lib/x86_64-linux-gnu/libnss_files-2.15.so
7fc51e66a000-7fc51e66b000 rw-p 0000c000 08:11 2634959                    /lib/x86_64-linux-gnu/libnss_files-2.15.so
7fc51e66b000-7fc51e675000 r-xp 00000000 08:11 2634964                    /lib/x86_64-linux-gnu/libnss_nis-2.15.so
7fc51e675000-7fc51e875000 ---p 0000a000 08:11 2634964                    /lib/x86_64-linux-gnu/libnss_nis-2.15.so
7fc51e875000-7fc51e876000 r--p 0000a000 08:11 2634964                    /lib/x86_64-linux-gnu/libnss_nis-2.15.so
7fc51e876000-7fc51e877000 rw-p 0000b000 08:11 2634964                    /lib/x86_64-linux-gnu/libnss_nis-2.15.so
7fc51e877000-7fc51e88e000 r-xp 00000000 08:11 2634984                    /lib/x86_64-linux-gnu/libnsl-2.15.so
7fc51e88e000-7fc51ea8d000 ---p 00017000 08:11 2634984                    /lib/x86_64-linux-gnu/libnsl-2.15.so
7fc51ea8d000-7fc51ea8e000 r--p 00016000 08:11 2634984                    /lib/x86_64-linux-gnu/libnsl-2.15.so
7fc51ea8e000-7fc51ea8f000 rw-p 00017000 08:11 2634984                    /lib/x86_64-linux-gnu/libnsl-2.15.so
7fc51ea8f000-7fc51ea91000 rw-p 00000000 00:00 0 
7fc51ea91000-7fc51ea99000 r-xp 00000000 08:11 2634957                    /lib/x86_64-linux-gnu/libnss_compat-2.15.so
7fc51ea99000-7fc51ec98000 ---p 00008000 08:11 2634957                    /lib/x86_64-linux-gnu/libnss_compat-2.15.so
7fc51ec98000-7fc51ec99000 r--p 00007000 08:11 2634957                    /lib/x86_64-linux-gnu/libnss_compat-2.15.so
7fc51ec99000-7fc51ec9a000 rw-p 00008000 08:11 2634957                    /lib/x86_64-linux-gnu/libnss_compat-2.15.so
7fc51ec9a000-7fc51ecc3000 r-xp 00000000 08:11 4205863                    /usr/lib/jvm/java-7-oracle/jre/lib/amd64/libjava.so
7fc51ecc3000-7fc51eec3000 ---p 00029000 08:11 4205863                    /usr/lib/jvm/java-7-oracle/jre/lib/amd64/libjava.so
7fc51eec3000-7fc51eec5000 rw-p 00029000 08:11 4205863                    /usr/lib/jvm/java-7-oracle/jre/lib/amd64/libjava.so
7fc51eec5000-7fc51eed2000 r-xp 00000000 08:11 4205822                    /usr/lib/jvm/java-7-oracle/jre/lib/amd64/libverify.so
7fc51eed2000-7fc51f0d1000 ---p 0000d000 08:11 4205822                    /usr/lib/jvm/java-7-oracle/jre/lib/amd64/libverify.so
7fc51f0d1000-7fc51f0d3000 rw-p 0000c000 08:11 4205822                    /usr/lib/jvm/java-7-oracle/jre/lib/amd64/libverify.so
7fc51f0d3000-7fc51f0da000 r-xp 00000000 08:11 2634963                    /lib/x86_64-linux-gnu/librt-2.15.so
7fc51f0da000-7fc51f2d9000 ---p 00007000 08:11 2634963                    /lib/x86_64-linux-gnu/librt-2.15.so
7fc51f2d9000-7fc51f2da000 r--p 00006000 08:11 2634963                    /lib/x86_64-linux-gnu/librt-2.15.so
7fc51f2da000-7fc51f2db000 rw-p 00007000 08:11 2634963                    /lib/x86_64-linux-gnu/librt-2.15.so
7fc51f2db000-7fc51f3d6000 r-xp 00000000 08:11 2634971                    /lib/x86_64-linux-gnu/libm-2.15.so
7fc51f3d6000-7fc51f5d5000 ---p 000fb000 08:11 2634971                    /lib/x86_64-linux-gnu/libm-2.15.so
7fc51f5d5000-7fc51f5d6000 r--p 000fa000 08:11 2634971                    /lib/x86_64-linux-gnu/libm-2.15.so
7fc51f5d6000-7fc51f5d7000 rw-p 000fb000 08:11 2634971                    /lib/x86_64-linux-gnu/libm-2.15.so
7fc51f5d7000-7fc520139000 r-xp 00000000 08:11 4588547                    /usr/lib/jvm/java-7-oracle/jre/lib/amd64/server/libjvm.so
7fc520139000-7fc520339000 ---p 00b62000 08:11 4588547                    /usr/lib/jvm/java-7-oracle/jre/lib/amd64/server/libjvm.so
7fc520339000-7fc5203fc000 rw-p 00b62000 08:11 4588547                    /usr/lib/jvm/java-7-oracle/jre/lib/amd64/server/libjvm.so
7fc5203fc000-7fc52043d000 rw-p 00000000 00:00 0 
7fc52043d000-7fc5205f2000 r-xp 00000000 08:11 2634952                    /lib/x86_64-linux-gnu/libc-2.15.so
7fc5205f2000-7fc5207f2000 ---p 001b5000 08:11 2634952                    /lib/x86_64-linux-gnu/libc-2.15.so
7fc5207f2000-7fc5207f6000 r--p 001b5000 08:11 2634952                    /lib/x86_64-linux-gnu/libc-2.15.so
7fc5207f6000-7fc5207f8000 rw-p 001b9000 08:11 2634952                    /lib/x86_64-linux-gnu/libc-2.15.so
7fc5207f8000-7fc5207fd000 rw-p 00000000 00:00 0 
7fc5207fd000-7fc5207ff000 r-xp 00000000 08:11 2634976                    /lib/x86_64-linux-gnu/libdl-2.15.so
7fc5207ff000-7fc5209ff000 ---p 00002000 08:11 2634976                    /lib/x86_64-linux-gnu/libdl-2.15.so
7fc5209ff000-7fc520a00000 r--p 00002000 08:11 2634976                    /lib/x86_64-linux-gnu/libdl-2.15.so
7fc520a00000-7fc520a01000 rw-p 00003000 08:11 2634976                    /lib/x86_64-linux-gnu/libdl-2.15.so
7fc520a01000-7fc520a17000 r-xp 00000000 08:11 5643985                    /usr/lib/jvm/java-7-oracle/lib/amd64/jli/libjli.so
7fc520a17000-7fc520c17000 ---p 00016000 08:11 5643985                    /usr/lib/jvm/java-7-oracle/lib/amd64/jli/libjli.so
7fc520c17000-7fc520c18000 rw-p 00016000 08:11 5643985                    /usr/lib/jvm/java-7-oracle/lib/amd64/jli/libjli.so
7fc520c18000-7fc520c30000 r-xp 00000000 08:11 2634969                    /lib/x86_64-linux-gnu/libpthread-2.15.so
7fc520c30000-7fc520e2f000 ---p 00018000 08:11 2634969                    /lib/x86_64-linux-gnu/libpthread-2.15.so
7fc520e2f000-7fc520e30000 r--p 00017000 08:11 2634969                    /lib/x86_64-linux-gnu/libpthread-2.15.so
7fc520e30000-7fc520e31000 rw-p 00018000 08:11 2634969                    /lib/x86_64-linux-gnu/libpthread-2.15.so
7fc520e31000-7fc520e35000 rw-p 00000000 00:00 0 
7fc520e35000-7fc520e57000 r-xp 00000000 08:11 2634972                    /lib/x86_64-linux-gnu/ld-2.15.so
7fc520e57000-7fc520e59000 r--s 0000b000 08:11 1067027                    /usr/share/maven/lib/maven-aether-provider-3.0.4.jar
7fc520e59000-7fc520e5a000 r--s 00004000 08:11 1201604                    /usr/share/java/wagon-http-shared.jar
7fc520e5a000-7fc520e5c000 r--s 00007000 08:11 1201292                    /usr/share/java/commons-cli-1.2.jar
7fc520e5c000-7fc520e5e000 r--s 0000a000 08:11 1067028                    /usr/share/maven/lib/maven-artifact-3.0.4.jar
7fc520e5e000-7fc520e7d000 rw-p 00000000 00:00 0 
7fc520e7d000-7fc520f33000 rw-p 00000000 00:00 0 
7fc520f33000-7fc520f36000 ---p 00000000 00:00 0 
7fc520f36000-7fc521038000 rw-p 00000000 00:00 0 
7fc521038000-7fc521039000 r--s 00001000 08:11 1201606                    /usr/share/java/wagon-http.jar
7fc521039000-7fc52103b000 r--s 00025000 08:11 1067033                    /usr/share/maven/lib/maven-model-3.0.4.jar
7fc52103b000-7fc52103d000 r--s 00009000 08:11 1067034                    /usr/share/maven/lib/maven-plugin-api-3.0.4.jar
7fc52103d000-7fc52103e000 r--s 00006000 08:11 1979521                    /usr/share/maven-repo/org/sonatype/plexus/plexus-sec-dispatcher/1.3.1/plexus-sec-dispatcher-1.3.1.jar
7fc52103e000-7fc52103f000 r--s 00003000 08:11 1853398                    /usr/share/maven-repo/org/sonatype/aether/aether-spi/1.13.1/aether-spi-1.13.1.jar
7fc52103f000-7fc521041000 r--s 00007000 08:11 1067036                    /usr/share/maven/lib/maven-settings-builder-3.0.4.jar
7fc521041000-7fc521043000 r--s 00008000 08:11 1067031                    /usr/share/maven/lib/maven-embedder-3.0.4.jar
7fc521043000-7fc521047000 r--s 00020000 08:11 1067032                    /usr/share/maven/lib/maven-model-builder-3.0.4.jar
7fc521047000-7fc521049000 r--s 0000b000 08:11 1454694                    /usr/share/maven-repo/org/codehaus/plexus/plexus-interpolation/1.11/plexus-interpolation-1.11.jar
7fc521049000-7fc52104b000 r--s 0000a000 08:11 1201269                    /usr/share/java/plexus-classworlds2-2.4.jar
7fc52104b000-7fc521053000 rw-s 00000000 08:11 661713                     /tmp/hsperfdata_steffen/6956
7fc521053000-7fc521054000 rw-p 00000000 00:00 0 
7fc521054000-7fc521055000 ---p 00000000 00:00 0 
7fc521055000-7fc521057000 rw-p 00000000 00:00 0 
7fc521057000-7fc521058000 r--p 00022000 08:11 2634972                    /lib/x86_64-linux-gnu/ld-2.15.so
7fc521058000-7fc52105a000 rw-p 00023000 08:11 2634972                    /lib/x86_64-linux-gnu/ld-2.15.so
7fff8db05000-7fff8db26000 rw-p 00000000 00:00 0                          [stack]
7fff8dbff000-7fff8dc00000 r-xp 00000000 00:00 0                          [vdso]
ffffffffff600000-ffffffffff601000 r-xp 00000000 00:00 0                  [vsyscall]

VM Arguments:
jvm_args: -Dclassworlds.conf=/usr/share/maven/bin/m2.conf -Dmaven.home=/usr/share/maven 
java_command: org.codehaus.plexus.classworlds.launcher.Launcher clean install -DskipTests
Launcher Type: SUN_STANDARD

Environment Variables:
JAVA_HOME=/usr/lib/jvm/java-7-oracle
PATH=/home/steffen/bin:/home/steffen/bin:/usr/local/sbin:/usr/local/bin:/usr/sbin:/usr/bin:/sbin:/bin:/usr/games:/home/steffen/android-sdks/platform-tools:/home/steffen/android-sdks/tools
USERNAME=steffen
LD_LIBRARY_PATH=/usr/local/lib:/home/steffen/opt/
SHELL=/bin/bash
DISPLAY=:0

Signal Handlers:
SIGSEGV: [libjvm.so+0x993870], sa_mask[0]=0x7ffbfeff, sa_flags=0x10000004
SIGBUS: [libjvm.so+0x993870], sa_mask[0]=0x7ffbfeff, sa_flags=0x10000004
SIGFPE: [libjvm.so+0x8105b0], sa_mask[0]=0x7ffbfeff, sa_flags=0x10000004
SIGPIPE: [libjvm.so+0x8105b0], sa_mask[0]=0x7ffbfeff, sa_flags=0x10000004
SIGXFSZ: [libjvm.so+0x8105b0], sa_mask[0]=0x7ffbfeff, sa_flags=0x10000004
SIGILL: [libjvm.so+0x8105b0], sa_mask[0]=0x7ffbfeff, sa_flags=0x10000004
SIGUSR1: SIG_DFL, sa_mask[0]=0x00000000, sa_flags=0x00000000
SIGUSR2: [libjvm.so+0x811aa0], sa_mask[0]=0x00000000, sa_flags=0x10000004
SIGHUP: [libjvm.so+0x812a10], sa_mask[0]=0x7ffbfeff, sa_flags=0x10000004
SIGINT: [libjvm.so+0x812a10], sa_mask[0]=0x7ffbfeff, sa_flags=0x10000004
SIGTERM: [libjvm.so+0x812a10], sa_mask[0]=0x7ffbfeff, sa_flags=0x10000004
SIGQUIT: [libjvm.so+0x812a10], sa_mask[0]=0x7ffbfeff, sa_flags=0x10000004


---------------  S Y S T E M  ---------------

OS:wheezy/sid

uname:Linux 3.2.0-58-generic #88-Ubuntu SMP Tue Dec 3 17:37:58 UTC 2013 x86_64
libc:glibc 2.15 NPTL 2.15 
rlimit: STACK 8192k, CORE 0k, NPROC 31445, NOFILE 4096, AS infinity
load average:1.10 1.05 1.00

/proc/meminfo:
MemTotal:        4048680 kB
MemFree:          106060 kB
Buffers:            1396 kB
Cached:            72468 kB
SwapCached:            0 kB
Active:          3711232 kB
Inactive:          44312 kB
Active(anon):    3682620 kB
Inactive(anon):    20604 kB
Active(file):      28612 kB
Inactive(file):    23708 kB
Unevictable:          44 kB
Mlocked:              44 kB
SwapTotal:             0 kB
SwapFree:              0 kB
Dirty:                88 kB
Writeback:             0 kB
AnonPages:       3681684 kB
Mapped:            67508 kB
Shmem:             21608 kB
Slab:              72356 kB
SReclaimable:      32460 kB
SUnreclaim:        39896 kB
KernelStack:        4608 kB
PageTables:        41116 kB
NFS_Unstable:          0 kB
Bounce:                0 kB
WritebackTmp:          0 kB
CommitLimit:     2024340 kB
Committed_AS:    6304716 kB
VmallocTotal:   34359738367 kB
VmallocUsed:      284304 kB
VmallocChunk:   34359444476 kB
HardwareCorrupted:     0 kB
AnonHugePages:         0 kB
HugePages_Total:       0
HugePages_Free:        0
HugePages_Rsvd:        0
HugePages_Surp:        0
Hugepagesize:       2048 kB
DirectMap4k:       64320 kB
DirectMap2M:     4128768 kB


CPU:total 2 (2 cores per cpu, 1 threads per core) family 6 model 23 stepping 6, cmov, cx8, fxsr, mmx, sse, sse2, sse3, ssse3, sse4.1, tsc

/proc/cpuinfo:
processor	: 0
vendor_id	: GenuineIntel
cpu family	: 6
model		: 23
model name	: Intel(R) Core(TM)2 Duo CPU     T8300  @ 2.40GHz
stepping	: 6
microcode	: 0x607
cpu MHz		: 2401.000
cache size	: 3072 KB
physical id	: 0
siblings	: 2
core id		: 0
cpu cores	: 2
apicid		: 0
initial apicid	: 0
fpu		: yes
fpu_exception	: yes
cpuid level	: 10
wp		: yes
flags		: fpu vme de pse tsc msr pae mce cx8 apic sep mtrr pge mca cmov pat pse36 clflush dts acpi mmx fxsr sse sse2 ss ht tm pbe syscall nx lm constant_tsc arch_perfmon pebs bts rep_good nopl aperfmperf pni dtes64 monitor ds_cpl vmx est tm2 ssse3 cx16 xtpr pdcm sse4_1 lahf_lm ida dtherm tpr_shadow vnmi flexpriority
bogomips	: 4788.04
clflush size	: 64
cache_alignment	: 64
address sizes	: 36 bits physical, 48 bits virtual
power management:

processor	: 1
vendor_id	: GenuineIntel
cpu family	: 6
model		: 23
model name	: Intel(R) Core(TM)2 Duo CPU     T8300  @ 2.40GHz
stepping	: 6
microcode	: 0x607
cpu MHz		: 2401.000
cache size	: 3072 KB
physical id	: 0
siblings	: 2
core id		: 1
cpu cores	: 2
apicid		: 1
initial apicid	: 1
fpu		: yes
fpu_exception	: yes
cpuid level	: 10
wp		: yes
flags		: fpu vme de pse tsc msr pae mce cx8 apic sep mtrr pge mca cmov pat pse36 clflush dts acpi mmx fxsr sse sse2 ss ht tm pbe syscall nx lm constant_tsc arch_perfmon pebs bts rep_good nopl aperfmperf pni dtes64 monitor ds_cpl vmx est tm2 ssse3 cx16 xtpr pdcm sse4_1 lahf_lm ida dtherm tpr_shadow vnmi flexpriority
bogomips	: 4787.95
clflush size	: 64
cache_alignment	: 64
address sizes	: 36 bits physical, 48 bits virtual
power management:



Memory: 4k page, physical 4048680k(109532k free), swap 0k(0k free)

vm_info: Java HotSpot(TM) 64-Bit Server VM (24.51-b03) for linux-amd64 JRE (1.7.0_51-b13), built on Dec 18 2013 18:48:01 by "java_re" with gcc 4.3.0 20080428 (Red Hat 4.3.0-8)

time: Tue Apr  1 15:34:16 2014
elapsed time: 5 seconds

